This file contains any messages produced by compilers while
running configure, to aid debugging if configure makes a mistake.

It was created by openconnect configure 7.08, which was
generated by GNU Autoconf 2.63.  Invocation command line was

  $ ./configure --without-openssl-version-check

## --------- ##
## Platform. ##
## --------- ##

hostname = prd-punto7-lim.bpn.beemovil.com
uname -m = x86_64
uname -r = 2.6.32-358.el6.x86_64
uname -s = Linux
uname -v = #1 SMP Fri Feb 22 00:31:26 UTC 2013

/usr/bin/uname -p = unknown
/bin/uname -X     = unknown

/bin/arch              = x86_64
/usr/bin/arch -k       = unknown
/usr/convex/getsysinfo = unknown
/usr/bin/hostinfo      = unknown
/bin/machine           = unknown
/usr/bin/oslevel       = unknown
/bin/universe          = unknown

PATH: /usr/local/sbin
PATH: /usr/local/bin
PATH: /sbin
PATH: /bin
PATH: /usr/sbin
PATH: /usr/bin
PATH: /root/bin


## ----------- ##
## Core tests. ##
## ----------- ##

configure:2311: checking for pkg-config
configure:2329: found /usr/bin/pkg-config
configure:2341: result: /usr/bin/pkg-config
configure:2366: checking pkg-config is at least version 0.9.0
configure:2369: result: yes
configure:2421: checking build system type
configure:2439: result: x86_64-unknown-linux-gnu
configure:2461: checking host system type
configure:2476: result: x86_64-unknown-linux-gnu
configure:2499: checking whether to disable maintainer-specific portions of Makefiles
configure:2508: result: yes
configure:2537: checking for a BSD-compatible install
configure:2605: result: /usr/bin/install -c
configure:2616: checking whether build environment is sane
configure:2676: result: yes
configure:2817: checking for a thread-safe mkdir -p
configure:2856: result: /bin/mkdir -p
configure:2869: checking for gawk
configure:2885: found /bin/gawk
configure:2896: result: gawk
configure:2907: checking whether make sets $(MAKE)
configure:2929: result: yes
configure:3006: checking how to create a ustar tar archive
configure:3019: tar --version
tar (GNU tar) 1.23
Copyright (C) 2010 Free Software Foundation, Inc.
License GPLv3+: GNU GPL version 3 or later <http://gnu.org/licenses/gpl.html>.
This is free software: you are free to change and redistribute it.
There is NO WARRANTY, to the extent permitted by law.

Written by John Gilmore and Jay Fenlason.
configure:3022: $? = 0
configure:3062: tardir=conftest.dir && eval tar --format=ustar -chf - "$tardir" >conftest.tar
configure:3065: $? = 0
configure:3069: tar -xf - <conftest.tar
configure:3072: $? = 0
configure:3085: result: gnutar
configure:3130: Applying feature macros for GNU build
configure:3216: checking for vpnc-script in standard locations
configure:3257: result: /etc/vpnc/vpnc-script
configure:3295: checking for style of include used by make
configure:3323: result: GNU
configure:3393: checking for gcc
configure:3409: found /usr/bin/gcc
configure:3420: result: gcc
configure:3652: checking for C compiler version
configure:3660: gcc --version >&5
gcc (GCC) 4.4.7 20120313 (Red Hat 4.4.7-3)
Copyright (C) 2010 Free Software Foundation, Inc.
This is free software; see the source for copying conditions.  There is NO
warranty; not even for MERCHANTABILITY or FITNESS FOR A PARTICULAR PURPOSE.

configure:3664: $? = 0
configure:3671: gcc -v >&5
Using built-in specs.
Target: x86_64-redhat-linux
Configured with: ../configure --prefix=/usr --mandir=/usr/share/man --infodir=/usr/share/info --with-bugurl=http://bugzilla.redhat.com/bugzilla --enable-bootstrap --enable-shared --enable-threads=posix --enable-checking=release --with-system-zlib --enable-__cxa_atexit --disable-libunwind-exceptions --enable-gnu-unique-object --enable-languages=c,c++,objc,obj-c++,java,fortran,ada --enable-java-awt=gtk --disable-dssi --with-java-home=/usr/lib/jvm/java-1.5.0-gcj-1.5.0.0/jre --enable-libgcj-multifile --enable-java-maintainer-mode --with-ecj-jar=/usr/share/java/eclipse-ecj.jar --disable-libjava-multilib --with-ppl --with-cloog --with-tune=generic --with-arch_32=i686 --build=x86_64-redhat-linux
Thread model: posix
gcc version 4.4.7 20120313 (Red Hat 4.4.7-3) (GCC) 
configure:3675: $? = 0
configure:3682: gcc -V >&5
gcc: '-V' option must have argument
configure:3686: $? = 1
configure:3709: checking for C compiler default output file name
configure:3731: gcc    conftest.c  >&5
configure:3735: $? = 0
configure:3773: result: a.out
configure:3792: checking whether the C compiler works
configure:3802: ./a.out
configure:3806: $? = 0
configure:3825: result: yes
configure:3832: checking whether we are cross compiling
configure:3834: result: no
configure:3837: checking for suffix of executables
configure:3844: gcc -o conftest    conftest.c  >&5
configure:3848: $? = 0
configure:3874: result: 
configure:3880: checking for suffix of object files
configure:3906: gcc -c   conftest.c >&5
configure:3910: $? = 0
configure:3935: result: o
configure:3939: checking whether we are using the GNU C compiler
configure:3968: gcc -c   conftest.c >&5
configure:3975: $? = 0
configure:3992: result: yes
configure:4001: checking whether gcc accepts -g
configure:4031: gcc -c -g  conftest.c >&5
configure:4038: $? = 0
configure:4139: result: yes
configure:4156: checking for gcc option to accept ISO C89
configure:4230: gcc  -c -g -O2  conftest.c >&5
configure:4237: $? = 0
configure:4260: result: none needed
configure:4280: checking dependency style of gcc
configure:4390: result: gcc3
configure:4406: checking for fdevname_r
configure:4462: gcc -o conftest -g -O2   conftest.c  >&5
/tmp/ccL6Qit5.o: In function `main':
/root/openconnect/conftest.c:46: undefined reference to `fdevname_r'
collect2: ld returned 1 exit status
configure:4469: $? = 1
configure: failed program was:
| /* confdefs.h.  */
| #define PACKAGE_NAME "openconnect"
| #define PACKAGE_TARNAME "openconnect"
| #define PACKAGE_VERSION "7.08"
| #define PACKAGE_STRING "openconnect 7.08"
| #define PACKAGE_BUGREPORT ""
| #define PACKAGE "openconnect"
| #define VERSION "7.08"
| #define _GNU_SOURCE 1
| #define DEFAULT_VPNCSCRIPT "/etc/vpnc/vpnc-script"
| /* end confdefs.h.  */
| /* Define fdevname_r to an innocuous variant, in case <limits.h> declares fdevname_r.
|    For example, HP-UX 11i <limits.h> declares gettimeofday.  */
| #define fdevname_r innocuous_fdevname_r
| 
| /* System header to define __stub macros and hopefully few prototypes,
|     which can conflict with char fdevname_r (); below.
|     Prefer <limits.h> to <assert.h> if __STDC__ is defined, since
|     <limits.h> exists even on freestanding compilers.  */
| 
| #ifdef __STDC__
| # include <limits.h>
| #else
| # include <assert.h>
| #endif
| 
| #undef fdevname_r
| 
| /* Override any GCC internal prototype to avoid an error.
|    Use char because int might match the return type of a GCC
|    builtin and then its argument prototype would still apply.  */
| #ifdef __cplusplus
| extern "C"
| #endif
| char fdevname_r ();
| /* The GNU C library defines this for functions which it implements
|     to always fail with ENOSYS.  Some functions are actually named
|     something starting with __ and the normal name is an alias.  */
| #if defined __stub_fdevname_r || defined __stub___fdevname_r
| choke me
| #endif
| 
| int
| main ()
| {
| return fdevname_r ();
|   ;
|   return 0;
| }
configure:4489: result: no
configure:4499: checking for statfs
configure:4555: gcc -o conftest -g -O2   conftest.c  >&5
configure:4562: $? = 0
configure:4582: result: yes
configure:4592: checking for getline
configure:4648: gcc -o conftest -g -O2   conftest.c  >&5
configure:4655: $? = 0
configure:4675: result: yes
configure:4687: checking for strcasestr
configure:4743: gcc -o conftest -g -O2   conftest.c  >&5
configure:4750: $? = 0
configure:4770: result: yes
configure:4780: checking for strndup
configure:4836: gcc -o conftest -g -O2   conftest.c  >&5
conftest.c:38: warning: conflicting types for built-in function 'strndup'
configure:4843: $? = 0
configure:4863: result: yes
configure:4873: checking for asprintf
configure:4929: gcc -o conftest -g -O2   conftest.c  >&5
configure:4936: $? = 0
configure:4956: result: yes
configure:4968: checking for vasprintf
configure:5024: gcc -o conftest -g -O2   conftest.c  >&5
configure:5031: $? = 0
configure:5051: result: yes
configure:5218: checking for supported compiler flags
configure:5245: gcc -c -g -O2 -Wall  conftest.c >&5
configure:5252: $? = 0
configure:5245: gcc -c -g -O2 -Wextra  conftest.c >&5
configure:5252: $? = 0
configure:5245: gcc -c -g -O2 -Wno-missing-field-initializers  conftest.c >&5
configure:5252: $? = 0
configure:5245: gcc -c -g -O2 -Wno-sign-compare  conftest.c >&5
configure:5252: $? = 0
configure:5245: gcc -c -g -O2 -Wno-unused-parameter  conftest.c >&5
configure:5252: $? = 0
configure:5245: gcc -c -g -O2 -Werror=pointer-to-int-cast  conftest.c >&5
configure:5252: $? = 0
configure:5245: gcc -c -g -O2 -Wdeclaration-after-statement  conftest.c >&5
configure:5252: $? = 0
configure:5245: gcc -c -g -O2 -Werror-implicit-function-declaration  conftest.c >&5
configure:5252: $? = 0
configure:5245: gcc -c -g -O2 -Wformat-nonliteral  conftest.c >&5
cc1: warning: -Wformat-nonliteral ignored without -Wformat
configure:5252: $? = 0
configure:5245: gcc -c -g -O2 -Wformat-security  conftest.c >&5
cc1: warning: -Wformat-security ignored without -Wformat
configure:5252: $? = 0
configure:5245: gcc -c -g -O2 -Winit-self  conftest.c >&5
configure:5252: $? = 0
configure:5245: gcc -c -g -O2 -Wmissing-declarations  conftest.c >&5
configure:5252: $? = 0
configure:5245: gcc -c -g -O2 -Wmissing-include-dirs  conftest.c >&5
configure:5252: $? = 0
configure:5245: gcc -c -g -O2 -Wnested-externs  conftest.c >&5
configure:5252: $? = 0
configure:5245: gcc -c -g -O2 -Wpointer-arith  conftest.c >&5
configure:5252: $? = 0
configure:5245: gcc -c -g -O2 -Wwrite-strings  conftest.c >&5
configure:5252: $? = 0
configure:5274: result:  -Wall -Wextra -Wno-missing-field-initializers -Wno-sign-compare -Wno-unused-parameter -Werror=pointer-to-int-cast -Wdeclaration-after-statement -Werror-implicit-function-declaration -Wformat-nonliteral -Wformat-security -Winit-self -Wmissing-declarations -Wmissing-include-dirs -Wnested-externs -Wpointer-arith -Wwrite-strings
configure:5289: checking for socket
configure:5345: gcc -o conftest -g -O2   conftest.c  >&5
configure:5352: $? = 0
configure:5372: result: yes
configure:5461: checking for inet_aton
configure:5517: gcc -o conftest -g -O2   conftest.c  >&5
configure:5524: $? = 0
configure:5544: result: yes
configure:5636: checking for IPV6_PATHMTU socket option
configure:5663: gcc -c -g -O2  conftest.c >&5
conftest.c: In function 'main':
conftest.c:27: error: 'IPV6_PATHMTU' undeclared (first use in this function)
conftest.c:27: error: (Each undeclared identifier is reported only once
conftest.c:27: error: for each function it appears in.)
configure:5670: $? = 1
configure: failed program was:
| /* confdefs.h.  */
| #define PACKAGE_NAME "openconnect"
| #define PACKAGE_TARNAME "openconnect"
| #define PACKAGE_VERSION "7.08"
| #define PACKAGE_STRING "openconnect 7.08"
| #define PACKAGE_BUGREPORT ""
| #define PACKAGE "openconnect"
| #define VERSION "7.08"
| #define _GNU_SOURCE 1
| #define DEFAULT_VPNCSCRIPT "/etc/vpnc/vpnc-script"
| #define HAVE_STATFS 1
| #define HAVE_GETLINE 1
| #define HAVE_STRCASESTR 1
| #define HAVE_STRNDUP 1
| #define HAVE_ASPRINTF 1
| #define HAVE_VASPRINTF 1
| #define HAVE_INET_ATON 1
| /* end confdefs.h.  */
| 
| 		  #include <netinet/in.h>
| 		  #include <sys/socket.h>
| 		  #include <sys/types.h>
| int
| main ()
| {
| 
| 		  int foo = IPV6_PATHMTU; (void)foo;
|   ;
|   return 0;
| }
configure:5686: result: no
configure:5692: checking for __android_log_vprint
configure:5748: gcc -o conftest -g -O2   conftest.c  >&5
/tmp/ccx8a8mT.o: In function `main':
/root/openconnect/conftest.c:53: undefined reference to `__android_log_vprint'
collect2: ld returned 1 exit status
configure:5755: $? = 1
configure: failed program was:
| /* confdefs.h.  */
| #define PACKAGE_NAME "openconnect"
| #define PACKAGE_TARNAME "openconnect"
| #define PACKAGE_VERSION "7.08"
| #define PACKAGE_STRING "openconnect 7.08"
| #define PACKAGE_BUGREPORT ""
| #define PACKAGE "openconnect"
| #define VERSION "7.08"
| #define _GNU_SOURCE 1
| #define DEFAULT_VPNCSCRIPT "/etc/vpnc/vpnc-script"
| #define HAVE_STATFS 1
| #define HAVE_GETLINE 1
| #define HAVE_STRCASESTR 1
| #define HAVE_STRNDUP 1
| #define HAVE_ASPRINTF 1
| #define HAVE_VASPRINTF 1
| #define HAVE_INET_ATON 1
| /* end confdefs.h.  */
| /* Define __android_log_vprint to an innocuous variant, in case <limits.h> declares __android_log_vprint.
|    For example, HP-UX 11i <limits.h> declares gettimeofday.  */
| #define __android_log_vprint innocuous___android_log_vprint
| 
| /* System header to define __stub macros and hopefully few prototypes,
|     which can conflict with char __android_log_vprint (); below.
|     Prefer <limits.h> to <assert.h> if __STDC__ is defined, since
|     <limits.h> exists even on freestanding compilers.  */
| 
| #ifdef __STDC__
| # include <limits.h>
| #else
| # include <assert.h>
| #endif
| 
| #undef __android_log_vprint
| 
| /* Override any GCC internal prototype to avoid an error.
|    Use char because int might match the return type of a GCC
|    builtin and then its argument prototype would still apply.  */
| #ifdef __cplusplus
| extern "C"
| #endif
| char __android_log_vprint ();
| /* The GNU C library defines this for functions which it implements
|     to always fail with ENOSYS.  Some functions are actually named
|     something starting with __ and the normal name is an alias.  */
| #if defined __stub___android_log_vprint || defined __stub_____android_log_vprint
| choke me
| #endif
| 
| int
| main ()
| {
| return __android_log_vprint ();
|   ;
|   return 0;
| }
configure:5775: result: no
configure:5781: checking for __android_log_vprint in -llog
configure:5816: gcc -o conftest -g -O2   conftest.c -llog   >&5
/usr/bin/ld: cannot find -llog
collect2: ld returned 1 exit status
configure:5823: $? = 1
configure: failed program was:
| /* confdefs.h.  */
| #define PACKAGE_NAME "openconnect"
| #define PACKAGE_TARNAME "openconnect"
| #define PACKAGE_VERSION "7.08"
| #define PACKAGE_STRING "openconnect 7.08"
| #define PACKAGE_BUGREPORT ""
| #define PACKAGE "openconnect"
| #define VERSION "7.08"
| #define _GNU_SOURCE 1
| #define DEFAULT_VPNCSCRIPT "/etc/vpnc/vpnc-script"
| #define HAVE_STATFS 1
| #define HAVE_GETLINE 1
| #define HAVE_STRCASESTR 1
| #define HAVE_STRNDUP 1
| #define HAVE_ASPRINTF 1
| #define HAVE_VASPRINTF 1
| #define HAVE_INET_ATON 1
| /* end confdefs.h.  */
| 
| /* Override any GCC internal prototype to avoid an error.
|    Use char because int might match the return type of a GCC
|    builtin and then its argument prototype would still apply.  */
| #ifdef __cplusplus
| extern "C"
| #endif
| char __android_log_vprint ();
| int
| main ()
| {
| return __android_log_vprint ();
|   ;
|   return 0;
| }
configure:5844: result: no
configure:5921: checking for nl_langinfo
configure:5977: gcc -o conftest -g -O2   conftest.c  >&5
configure:5984: $? = 0
configure:6004: result: yes
configure:6057: checking for ld used by gcc
configure:6124: result: /usr/bin/ld
configure:6133: checking if the linker (/usr/bin/ld) is GNU ld
configure:6148: result: yes
configure:6155: checking for shared library run path origin
configure:6168: result: done
configure:6192: checking how to run the C preprocessor
configure:6232: gcc -E  conftest.c
configure:6239: $? = 0
configure:6270: gcc -E  conftest.c
conftest.c:20:28: error: ac_nonexistent.h: No such file or directory
configure:6277: $? = 1
configure: failed program was:
| /* confdefs.h.  */
| #define PACKAGE_NAME "openconnect"
| #define PACKAGE_TARNAME "openconnect"
| #define PACKAGE_VERSION "7.08"
| #define PACKAGE_STRING "openconnect 7.08"
| #define PACKAGE_BUGREPORT ""
| #define PACKAGE "openconnect"
| #define VERSION "7.08"
| #define _GNU_SOURCE 1
| #define DEFAULT_VPNCSCRIPT "/etc/vpnc/vpnc-script"
| #define HAVE_STATFS 1
| #define HAVE_GETLINE 1
| #define HAVE_STRCASESTR 1
| #define HAVE_STRNDUP 1
| #define HAVE_ASPRINTF 1
| #define HAVE_VASPRINTF 1
| #define HAVE_INET_ATON 1
| #define HAVE_NL_LANGINFO 1
| /* end confdefs.h.  */
| #include <ac_nonexistent.h>
configure:6310: result: gcc -E
configure:6339: gcc -E  conftest.c
configure:6346: $? = 0
configure:6377: gcc -E  conftest.c
conftest.c:20:28: error: ac_nonexistent.h: No such file or directory
configure:6384: $? = 1
configure: failed program was:
| /* confdefs.h.  */
| #define PACKAGE_NAME "openconnect"
| #define PACKAGE_TARNAME "openconnect"
| #define PACKAGE_VERSION "7.08"
| #define PACKAGE_STRING "openconnect 7.08"
| #define PACKAGE_BUGREPORT ""
| #define PACKAGE "openconnect"
| #define VERSION "7.08"
| #define _GNU_SOURCE 1
| #define DEFAULT_VPNCSCRIPT "/etc/vpnc/vpnc-script"
| #define HAVE_STATFS 1
| #define HAVE_GETLINE 1
| #define HAVE_STRCASESTR 1
| #define HAVE_STRNDUP 1
| #define HAVE_ASPRINTF 1
| #define HAVE_VASPRINTF 1
| #define HAVE_INET_ATON 1
| #define HAVE_NL_LANGINFO 1
| /* end confdefs.h.  */
| #include <ac_nonexistent.h>
configure:6424: checking for grep that handles long lines and -e
configure:6484: result: /bin/grep
configure:6489: checking for egrep
configure:6553: result: /bin/grep -E
configure:7121: checking for iconv
configure:7155: gcc -o conftest -g -O2   conftest.c  >&5
configure:7162: $? = 0
configure:7241: result: yes
configure:7244: checking for working iconv
configure:7374: gcc -o conftest -g -O2   conftest.c  >&5
configure:7378: $? = 0
configure:7384: ./conftest
configure:7388: $? = 0
configure:7407: result: yes
configure:7437: checking for iconv declaration
configure:7476: gcc -c -g -O2  conftest.c >&5
configure:7483: $? = 0
configure:7502: result:
         extern size_t iconv (iconv_t cd, char * *inbuf, size_t *inbytesleft, char * *outbuf, size_t *outbytesleft);
configure:7545: checking for msgfmt
configure:7563: found /usr/bin/msgfmt
configure:7575: result: /usr/bin/msgfmt
configure:7591: checking for functional NLS support
configure:7619: gcc -o conftest -g -O2   conftest.c  >&5
configure:7626: $? = 0
configure:7634: result: yes
configure:8230: checking for GNUTLS
configure:8237: $PKG_CONFIG --exists --print-errors "gnutls"
Package gnutls was not found in the pkg-config search path.
Perhaps you should add the directory containing `gnutls.pc'
to the PKG_CONFIG_PATH environment variable
No package 'gnutls' found
configure:8240: $? = 1
configure:8253: $PKG_CONFIG --exists --print-errors "gnutls"
Package gnutls was not found in the pkg-config search path.
Perhaps you should add the directory containing `gnutls.pc'
to the PKG_CONFIG_PATH environment variable
No package 'gnutls' found
configure:8256: $? = 1
No package 'gnutls' found
configure:8283: result: no
configure:8315: checking for OPENSSL
configure:8322: $PKG_CONFIG --exists --print-errors "openssl"
configure:8325: $? = 0
configure:8338: $PKG_CONFIG --exists --print-errors "openssl"
configure:8341: $? = 0
configure:8510: result: yes
configure:8518: checking for P11KIT
configure:8525: $PKG_CONFIG --exists --print-errors "p11-kit-1"
Package p11-kit-1 was not found in the pkg-config search path.
Perhaps you should add the directory containing `p11-kit-1.pc'
to the PKG_CONFIG_PATH environment variable
No package 'p11-kit-1' found
configure:8528: $? = 1
configure:8541: $PKG_CONFIG --exists --print-errors "p11-kit-1"
Package p11-kit-1 was not found in the pkg-config search path.
Perhaps you should add the directory containing `p11-kit-1.pc'
to the PKG_CONFIG_PATH environment variable
No package 'p11-kit-1' found
configure:8544: $? = 1
No package 'p11-kit-1' found
configure:8571: result: no
configure:8941: checking for ENGINE_by_id() in OpenSSL
configure:8964: gcc -o conftest -g -O2     conftest.c  -lssl -lcrypto   >&5
configure:8971: $? = 0
configure:8979: result: yes
configure:9000: checking for dtls1_stop_timer() in OpenSSL
configure:9025: gcc -o conftest -g -O2     conftest.c  -lssl -lcrypto   >&5
configure:9032: $? = 0
configure:9040: result: yes
configure:9059: checking for DTLSv1_2_client_method() in OpenSSL
configure:9082: gcc -o conftest -g -O2     conftest.c  -lssl -lcrypto   >&5
/tmp/ccOfwq8K.o: In function `main':
/root/openconnect/conftest.c:30: undefined reference to `DTLSv1_2_client_method'
collect2: ld returned 1 exit status
configure:9089: $? = 1
configure: failed program was:
| /* confdefs.h.  */
| #define PACKAGE_NAME "openconnect"
| #define PACKAGE_TARNAME "openconnect"
| #define PACKAGE_VERSION "7.08"
| #define PACKAGE_STRING "openconnect 7.08"
| #define PACKAGE_BUGREPORT ""
| #define PACKAGE "openconnect"
| #define VERSION "7.08"
| #define _GNU_SOURCE 1
| #define DEFAULT_VPNCSCRIPT "/etc/vpnc/vpnc-script"
| #define HAVE_STATFS 1
| #define HAVE_GETLINE 1
| #define HAVE_STRCASESTR 1
| #define HAVE_STRNDUP 1
| #define HAVE_ASPRINTF 1
| #define HAVE_VASPRINTF 1
| #define HAVE_INET_ATON 1
| #define HAVE_NL_LANGINFO 1
| #define HAVE_ICONV 1
| #define ICONV_CONST 
| #define HAVE_ICONV 1
| #define ENABLE_NLS 1
| #define HAVE_ENGINE 1
| #define HAVE_DTLS1_STOP_TIMER 1
| /* end confdefs.h.  */
| #include <openssl/ssl.h>
| int
| main ()
| {
| DTLSv1_2_client_method();
|   ;
|   return 0;
| }
configure:9108: result: no
configure:9116: checking for HMAC_CTX_copy
configure:9172: gcc -o conftest -g -O2     conftest.c  -lssl -lcrypto   >&5
configure:9179: $? = 0
configure:9199: result: yes
configure:9724: checking for LIBLZ4
configure:9731: $PKG_CONFIG --exists --print-errors "liblz4"
Package liblz4 was not found in the pkg-config search path.
Perhaps you should add the directory containing `liblz4.pc'
to the PKG_CONFIG_PATH environment variable
No package 'liblz4' found
configure:9734: $? = 1
configure:9747: $PKG_CONFIG --exists --print-errors "liblz4"
Package liblz4 was not found in the pkg-config search path.
Perhaps you should add the directory containing `liblz4.pc'
to the PKG_CONFIG_PATH environment variable
No package 'liblz4' found
configure:9750: $? = 1
No package 'liblz4' found
configure:9777: result: no
configure:9783: WARNING:
***
*** lz4 not found.
*** 
configure:9886: checking for egrep
configure:9950: result: /bin/grep -E
configure:9982: checking for a sed that does not truncate output
configure:10048: result: /bin/sed
configure:10066: checking for fgrep
configure:10130: result: /bin/grep -F
configure:10165: checking for ld used by gcc
configure:10232: result: /usr/bin/ld
configure:10241: checking if the linker (/usr/bin/ld) is GNU ld
configure:10256: result: yes
configure:10268: checking for BSD- or MS-compatible name lister (nm)
configure:10317: result: /usr/bin/nm -B
configure:10435: checking the name lister (/usr/bin/nm -B) interface
configure:10442: gcc -c -g -O2  conftest.c >&5
configure:10445: /usr/bin/nm -B "conftest.o"
configure:10448: output
0000000000000000 B some_variable
configure:10455: result: BSD nm
configure:10458: checking whether ln -s works
configure:10462: result: yes
configure:10470: checking the maximum length of command line arguments
configure:10590: result: 1966080
configure:10607: checking whether the shell understands some XSI constructs
configure:10617: result: yes
configure:10621: checking whether the shell understands "+="
configure:10627: result: yes
configure:10662: checking for /usr/bin/ld option to reload object files
configure:10669: result: -r
configure:10738: checking for objdump
configure:10754: found /usr/bin/objdump
configure:10765: result: objdump
configure:10797: checking how to recognize dependent libraries
configure:10993: result: pass_all
configure:11053: checking for ar
configure:11069: found /usr/bin/ar
configure:11080: result: ar
configure:11158: checking for strip
configure:11174: found /usr/bin/strip
configure:11185: result: strip
configure:11257: checking for ranlib
configure:11273: found /usr/bin/ranlib
configure:11284: result: ranlib
configure:11374: checking command to parse /usr/bin/nm -B output from gcc object
configure:11492: gcc -c -g -O2  conftest.c >&5
configure:11495: $? = 0
configure:11499: /usr/bin/nm -B conftest.o \| sed -n -e 's/^.*[	 ]\([ABCDGIRSTW][ABCDGIRSTW]*\)[	 ][	 ]*\([_A-Za-z][_A-Za-z0-9]*\)$/\1 \2 \2/p' \> conftest.nm
configure:11502: $? = 0
configure:11556: gcc -o conftest -g -O2   conftest.c conftstm.o >&5
configure:11559: $? = 0
configure:11597: result: ok
configure:11692: gcc -c -g -O2  conftest.c >&5
configure:11695: $? = 0
configure:12458: checking for ANSI C header files
configure:12488: gcc -c -g -O2  conftest.c >&5
configure:12495: $? = 0
configure:12594: gcc -o conftest -g -O2   conftest.c  >&5
configure:12598: $? = 0
configure:12604: ./conftest
configure:12608: $? = 0
configure:12626: result: yes
configure:12650: checking for sys/types.h
configure:12671: gcc -c -g -O2  conftest.c >&5
configure:12678: $? = 0
configure:12695: result: yes
configure:12650: checking for sys/stat.h
configure:12671: gcc -c -g -O2  conftest.c >&5
configure:12678: $? = 0
configure:12695: result: yes
configure:12650: checking for stdlib.h
configure:12671: gcc -c -g -O2  conftest.c >&5
configure:12678: $? = 0
configure:12695: result: yes
configure:12650: checking for string.h
configure:12671: gcc -c -g -O2  conftest.c >&5
configure:12678: $? = 0
configure:12695: result: yes
configure:12650: checking for memory.h
configure:12671: gcc -c -g -O2  conftest.c >&5
configure:12678: $? = 0
configure:12695: result: yes
configure:12650: checking for strings.h
configure:12671: gcc -c -g -O2  conftest.c >&5
configure:12678: $? = 0
configure:12695: result: yes
configure:12650: checking for inttypes.h
configure:12671: gcc -c -g -O2  conftest.c >&5
configure:12678: $? = 0
configure:12695: result: yes
configure:12650: checking for stdint.h
configure:12671: gcc -c -g -O2  conftest.c >&5
configure:12678: $? = 0
configure:12695: result: yes
configure:12650: checking for unistd.h
configure:12671: gcc -c -g -O2  conftest.c >&5
configure:12678: $? = 0
configure:12695: result: yes
configure:12713: checking for dlfcn.h
configure:12734: gcc -c -g -O2  conftest.c >&5
configure:12741: $? = 0
configure:12758: result: yes
configure:12884: checking for objdir
configure:12899: result: .libs
configure:13191: checking if gcc supports -fno-rtti -fno-exceptions
configure:13209: gcc -c -g -O2  -fno-rtti -fno-exceptions conftest.c >&5
cc1: warning: command line option "-fno-rtti" is valid for C++/ObjC++ but not for C
configure:13213: $? = 0
configure:13226: result: no
configure:13246: checking for gcc option to produce PIC
configure:13518: result: -fPIC -DPIC
configure:13530: checking if gcc PIC flag -fPIC -DPIC works
configure:13548: gcc -c -g -O2  -fPIC -DPIC -DPIC conftest.c >&5
configure:13552: $? = 0
configure:13565: result: yes
configure:13589: checking if gcc static flag -static works
configure:13617: result: no
configure:13632: checking if gcc supports -c -o file.o
configure:13653: gcc -c -g -O2  -o out/conftest2.o conftest.c >&5
configure:13657: $? = 0
configure:13679: result: yes
configure:13687: checking if gcc supports -c -o file.o
configure:13734: result: yes
configure:13767: checking whether the gcc linker (/usr/bin/ld -m elf_x86_64) supports shared libraries
configure:14841: result: yes
configure:14878: checking whether -lc should be explicitly linked in
configure:14883: gcc -c -g -O2  conftest.c >&5
configure:14886: $? = 0
configure:14901: gcc -shared conftest.o  -v -Wl,-soname -Wl,conftest -o conftest 2\>\&1 \| /bin/grep  -lc  \>/dev/null 2\>\&1
configure:14904: $? = 0
configure:14916: result: no
configure:15080: checking dynamic linker characteristics
configure:15523: gcc -o conftest -g -O2   -Wl,-rpath -Wl,/foo conftest.c  >&5
configure:15530: $? = 0
configure:15766: result: GNU/Linux ld.so
configure:15868: checking how to hardcode library paths into programs
configure:15893: result: immediate
configure:16726: checking whether stripping libraries is possible
configure:16731: result: yes
configure:16766: checking if libtool supports shared libraries
configure:16768: result: yes
configure:16771: checking whether to build shared libraries
configure:16792: result: yes
configure:16795: checking whether to build static libraries
configure:16799: result: no
configure:16862: checking linker version script flag
configure:16906: gcc -o conftest -g -O2   -Wl,--version-script,conftest.map conftest.c  >&5
configure:16913: $? = 0
configure:17061: gcc -o conftest -g -O2   -Wl,--version-script,conftest.map conftest.c  >&5
/usr/bin/ld:conftest.map:3: syntax error in VERSION script
collect2: ld returned 1 exit status
configure:17068: $? = 1
configure: failed program was:
| /* confdefs.h.  */
| #define PACKAGE_NAME "openconnect"
| #define PACKAGE_TARNAME "openconnect"
| #define PACKAGE_VERSION "7.08"
| #define PACKAGE_STRING "openconnect 7.08"
| #define PACKAGE_BUGREPORT ""
| #define PACKAGE "openconnect"
| #define VERSION "7.08"
| #define _GNU_SOURCE 1
| #define DEFAULT_VPNCSCRIPT "/etc/vpnc/vpnc-script"
| #define HAVE_STATFS 1
| #define HAVE_GETLINE 1
| #define HAVE_STRCASESTR 1
| #define HAVE_STRNDUP 1
| #define HAVE_ASPRINTF 1
| #define HAVE_VASPRINTF 1
| #define HAVE_INET_ATON 1
| #define HAVE_NL_LANGINFO 1
| #define HAVE_ICONV 1
| #define ICONV_CONST 
| #define HAVE_ICONV 1
| #define ENABLE_NLS 1
| #define HAVE_ENGINE 1
| #define HAVE_DTLS1_STOP_TIMER 1
| #define OPENCONNECT_OPENSSL 1
| #define HAVE_ESP 1
| #define HAVE_DTLS 1
| #define STDC_HEADERS 1
| #define HAVE_SYS_TYPES_H 1
| #define HAVE_SYS_STAT_H 1
| #define HAVE_STDLIB_H 1
| #define HAVE_STRING_H 1
| #define HAVE_MEMORY_H 1
| #define HAVE_STRINGS_H 1
| #define HAVE_INTTYPES_H 1
| #define HAVE_STDINT_H 1
| #define HAVE_UNISTD_H 1
| #define HAVE_DLFCN_H 1
| #define LT_OBJDIR ".libs/"
| /* end confdefs.h.  */
| int show, hide;
| int
| main ()
| {
| 
|   ;
|   return 0;
| }
configure:17101: result: --version-script
configure:17108: checking if version scripts can use complex wildcards
configure:17152: gcc -o conftest -g -O2   -Wl,--version-script,conftest.map conftest.c  >&5
configure:17159: $? = 0
configure:17190: result: yes
configure:17244: checking for LIBXML2
configure:17251: $PKG_CONFIG --exists --print-errors "libxml-2.0"
configure:17254: $? = 0
configure:17267: $PKG_CONFIG --exists --print-errors "libxml-2.0"
configure:17270: $? = 0
configure:17347: result: yes
configure:17354: checking for ZLIB
configure:17361: $PKG_CONFIG --exists --print-errors "zlib"
configure:17364: $? = 0
configure:17377: $PKG_CONFIG --exists --print-errors "zlib"
configure:17380: $? = 0
configure:17541: result: yes
configure:17557: checking for LIBPROXY
configure:17564: $PKG_CONFIG --exists --print-errors "libproxy-1.0"
configure:17567: $? = 0
configure:17580: $PKG_CONFIG --exists --print-errors "libproxy-1.0"
configure:17583: $? = 0
configure:17618: result: yes
configure:17763: checking for LIBSTOKEN
configure:17770: $PKG_CONFIG --exists --print-errors "stoken"
Package stoken was not found in the pkg-config search path.
Perhaps you should add the directory containing `stoken.pc'
to the PKG_CONFIG_PATH environment variable
No package 'stoken' found
configure:17773: $? = 1
configure:17786: $PKG_CONFIG --exists --print-errors "stoken"
Package stoken was not found in the pkg-config search path.
Perhaps you should add the directory containing `stoken.pc'
to the PKG_CONFIG_PATH environment variable
No package 'stoken' found
configure:17789: $? = 1
No package 'stoken' found
configure:17816: result: no
configure:17867: checking for LIBPCSCLITE
configure:17874: $PKG_CONFIG --exists --print-errors "libpcsclite"
Package libpcsclite was not found in the pkg-config search path.
Perhaps you should add the directory containing `libpcsclite.pc'
to the PKG_CONFIG_PATH environment variable
No package 'libpcsclite' found
configure:17877: $? = 1
configure:17890: $PKG_CONFIG --exists --print-errors "libpcsclite"
Package libpcsclite was not found in the pkg-config search path.
Perhaps you should add the directory containing `libpcsclite.pc'
to the PKG_CONFIG_PATH environment variable
No package 'libpcsclite' found
configure:17893: $? = 1
No package 'libpcsclite' found
configure:17920: result: no
configure:17966: checking for LIBPSKC
configure:17973: $PKG_CONFIG --exists --print-errors "libpskc >= 2.2.0"
Package libpskc was not found in the pkg-config search path.
Perhaps you should add the directory containing `libpskc.pc'
to the PKG_CONFIG_PATH environment variable
No package 'libpskc' found
configure:17976: $? = 1
configure:17989: $PKG_CONFIG --exists --print-errors "libpskc >= 2.2.0"
Package libpskc was not found in the pkg-config search path.
Perhaps you should add the directory containing `libpskc.pc'
to the PKG_CONFIG_PATH environment variable
No package 'libpskc' found
configure:17992: $? = 1
No package 'libpskc' found
configure:18019: result: no
configure:18121: checking for krb5-config
configure:18139: found /usr/bin/krb5-config
configure:18151: result: /usr/bin/krb5-config
configure:18161: checking whether /usr/bin/krb5-config supports gssapi
configure:18164: result: yes
configure:18213: checking gssapi/gssapi.h usability
configure:18230: gcc -c -g -O2   conftest.c >&5
configure:18237: $? = 0
configure:18251: result: yes
configure:18255: checking gssapi/gssapi.h presence
configure:18270: gcc -E  conftest.c
configure:18277: $? = 0
configure:18291: result: yes
configure:18319: checking for gssapi/gssapi.h
configure:18326: result: yes
configure:18485: checking GSSAPI compilation with "-lgssapi_krb5 -lkrb5 -lk5crypto -lcom_err"
configure:18516: gcc -o conftest -g -O2    conftest.c  -lgssapi_krb5 -lkrb5 -lk5crypto -lcom_err >&5
configure:18523: $? = 0
configure:18532: result: yes
configure:19293: checking if_tun.h usability
configure:19310: gcc -c -g -O2  conftest.c >&5
conftest.c:77:20: error: if_tun.h: No such file or directory
configure:19317: $? = 1
configure: failed program was:
| /* confdefs.h.  */
| #define PACKAGE_NAME "openconnect"
| #define PACKAGE_TARNAME "openconnect"
| #define PACKAGE_VERSION "7.08"
| #define PACKAGE_STRING "openconnect 7.08"
| #define PACKAGE_BUGREPORT ""
| #define PACKAGE "openconnect"
| #define VERSION "7.08"
| #define _GNU_SOURCE 1
| #define DEFAULT_VPNCSCRIPT "/etc/vpnc/vpnc-script"
| #define HAVE_STATFS 1
| #define HAVE_GETLINE 1
| #define HAVE_STRCASESTR 1
| #define HAVE_STRNDUP 1
| #define HAVE_ASPRINTF 1
| #define HAVE_VASPRINTF 1
| #define HAVE_INET_ATON 1
| #define HAVE_NL_LANGINFO 1
| #define HAVE_ICONV 1
| #define ICONV_CONST 
| #define HAVE_ICONV 1
| #define ENABLE_NLS 1
| #define HAVE_ENGINE 1
| #define HAVE_DTLS1_STOP_TIMER 1
| #define OPENCONNECT_OPENSSL 1
| #define HAVE_ESP 1
| #define HAVE_DTLS 1
| #define STDC_HEADERS 1
| #define HAVE_SYS_TYPES_H 1
| #define HAVE_SYS_STAT_H 1
| #define HAVE_STDLIB_H 1
| #define HAVE_STRING_H 1
| #define HAVE_MEMORY_H 1
| #define HAVE_STRINGS_H 1
| #define HAVE_INTTYPES_H 1
| #define HAVE_STDINT_H 1
| #define HAVE_UNISTD_H 1
| #define HAVE_DLFCN_H 1
| #define LT_OBJDIR ".libs/"
| #define LIBPROXY_HDR "proxy.h"
| #define GSSAPI_HDR <gssapi/gssapi.h>
| #define HAVE_GSSAPI 1
| /* end confdefs.h.  */
| #include <stdio.h>
| #ifdef HAVE_SYS_TYPES_H
| # include <sys/types.h>
| #endif
| #ifdef HAVE_SYS_STAT_H
| # include <sys/stat.h>
| #endif
| #ifdef STDC_HEADERS
| # include <stdlib.h>
| # include <stddef.h>
| #else
| # ifdef HAVE_STDLIB_H
| #  include <stdlib.h>
| # endif
| #endif
| #ifdef HAVE_STRING_H
| # if !defined STDC_HEADERS && defined HAVE_MEMORY_H
| #  include <memory.h>
| # endif
| # include <string.h>
| #endif
| #ifdef HAVE_STRINGS_H
| # include <strings.h>
| #endif
| #ifdef HAVE_INTTYPES_H
| # include <inttypes.h>
| #endif
| #ifdef HAVE_STDINT_H
| # include <stdint.h>
| #endif
| #ifdef HAVE_UNISTD_H
| # include <unistd.h>
| #endif
| #include <if_tun.h>
configure:19331: result: no
configure:19335: checking if_tun.h presence
configure:19350: gcc -E  conftest.c
conftest.c:44:20: error: if_tun.h: No such file or directory
configure:19357: $? = 1
configure: failed program was:
| /* confdefs.h.  */
| #define PACKAGE_NAME "openconnect"
| #define PACKAGE_TARNAME "openconnect"
| #define PACKAGE_VERSION "7.08"
| #define PACKAGE_STRING "openconnect 7.08"
| #define PACKAGE_BUGREPORT ""
| #define PACKAGE "openconnect"
| #define VERSION "7.08"
| #define _GNU_SOURCE 1
| #define DEFAULT_VPNCSCRIPT "/etc/vpnc/vpnc-script"
| #define HAVE_STATFS 1
| #define HAVE_GETLINE 1
| #define HAVE_STRCASESTR 1
| #define HAVE_STRNDUP 1
| #define HAVE_ASPRINTF 1
| #define HAVE_VASPRINTF 1
| #define HAVE_INET_ATON 1
| #define HAVE_NL_LANGINFO 1
| #define HAVE_ICONV 1
| #define ICONV_CONST 
| #define HAVE_ICONV 1
| #define ENABLE_NLS 1
| #define HAVE_ENGINE 1
| #define HAVE_DTLS1_STOP_TIMER 1
| #define OPENCONNECT_OPENSSL 1
| #define HAVE_ESP 1
| #define HAVE_DTLS 1
| #define STDC_HEADERS 1
| #define HAVE_SYS_TYPES_H 1
| #define HAVE_SYS_STAT_H 1
| #define HAVE_STDLIB_H 1
| #define HAVE_STRING_H 1
| #define HAVE_MEMORY_H 1
| #define HAVE_STRINGS_H 1
| #define HAVE_INTTYPES_H 1
| #define HAVE_STDINT_H 1
| #define HAVE_UNISTD_H 1
| #define HAVE_DLFCN_H 1
| #define LT_OBJDIR ".libs/"
| #define LIBPROXY_HDR "proxy.h"
| #define GSSAPI_HDR <gssapi/gssapi.h>
| #define HAVE_GSSAPI 1
| /* end confdefs.h.  */
| #include <if_tun.h>
configure:19371: result: no
configure:19399: checking for if_tun.h
configure:19406: result: no
configure:19427: checking linux/if_tun.h usability
configure:19444: gcc -c -g -O2  conftest.c >&5
configure:19451: $? = 0
configure:19465: result: yes
configure:19469: checking linux/if_tun.h presence
configure:19484: gcc -E  conftest.c
configure:19491: $? = 0
configure:19505: result: yes
configure:19533: checking for linux/if_tun.h
configure:19540: result: yes
configure:19838: checking net/if_utun.h usability
configure:19855: gcc -c -g -O2  conftest.c >&5
conftest.c:78:25: error: net/if_utun.h: No such file or directory
configure:19862: $? = 1
configure: failed program was:
| /* confdefs.h.  */
| #define PACKAGE_NAME "openconnect"
| #define PACKAGE_TARNAME "openconnect"
| #define PACKAGE_VERSION "7.08"
| #define PACKAGE_STRING "openconnect 7.08"
| #define PACKAGE_BUGREPORT ""
| #define PACKAGE "openconnect"
| #define VERSION "7.08"
| #define _GNU_SOURCE 1
| #define DEFAULT_VPNCSCRIPT "/etc/vpnc/vpnc-script"
| #define HAVE_STATFS 1
| #define HAVE_GETLINE 1
| #define HAVE_STRCASESTR 1
| #define HAVE_STRNDUP 1
| #define HAVE_ASPRINTF 1
| #define HAVE_VASPRINTF 1
| #define HAVE_INET_ATON 1
| #define HAVE_NL_LANGINFO 1
| #define HAVE_ICONV 1
| #define ICONV_CONST 
| #define HAVE_ICONV 1
| #define ENABLE_NLS 1
| #define HAVE_ENGINE 1
| #define HAVE_DTLS1_STOP_TIMER 1
| #define OPENCONNECT_OPENSSL 1
| #define HAVE_ESP 1
| #define HAVE_DTLS 1
| #define STDC_HEADERS 1
| #define HAVE_SYS_TYPES_H 1
| #define HAVE_SYS_STAT_H 1
| #define HAVE_STDLIB_H 1
| #define HAVE_STRING_H 1
| #define HAVE_MEMORY_H 1
| #define HAVE_STRINGS_H 1
| #define HAVE_INTTYPES_H 1
| #define HAVE_STDINT_H 1
| #define HAVE_UNISTD_H 1
| #define HAVE_DLFCN_H 1
| #define LT_OBJDIR ".libs/"
| #define LIBPROXY_HDR "proxy.h"
| #define GSSAPI_HDR <gssapi/gssapi.h>
| #define HAVE_GSSAPI 1
| #define IF_TUN_HDR "linux/if_tun.h"
| /* end confdefs.h.  */
| #include <stdio.h>
| #ifdef HAVE_SYS_TYPES_H
| # include <sys/types.h>
| #endif
| #ifdef HAVE_SYS_STAT_H
| # include <sys/stat.h>
| #endif
| #ifdef STDC_HEADERS
| # include <stdlib.h>
| # include <stddef.h>
| #else
| # ifdef HAVE_STDLIB_H
| #  include <stdlib.h>
| # endif
| #endif
| #ifdef HAVE_STRING_H
| # if !defined STDC_HEADERS && defined HAVE_MEMORY_H
| #  include <memory.h>
| # endif
| # include <string.h>
| #endif
| #ifdef HAVE_STRINGS_H
| # include <strings.h>
| #endif
| #ifdef HAVE_INTTYPES_H
| # include <inttypes.h>
| #endif
| #ifdef HAVE_STDINT_H
| # include <stdint.h>
| #endif
| #ifdef HAVE_UNISTD_H
| # include <unistd.h>
| #endif
| #include <net/if_utun.h>
configure:19876: result: no
configure:19880: checking net/if_utun.h presence
configure:19895: gcc -E  conftest.c
conftest.c:45:25: error: net/if_utun.h: No such file or directory
configure:19902: $? = 1
configure: failed program was:
| /* confdefs.h.  */
| #define PACKAGE_NAME "openconnect"
| #define PACKAGE_TARNAME "openconnect"
| #define PACKAGE_VERSION "7.08"
| #define PACKAGE_STRING "openconnect 7.08"
| #define PACKAGE_BUGREPORT ""
| #define PACKAGE "openconnect"
| #define VERSION "7.08"
| #define _GNU_SOURCE 1
| #define DEFAULT_VPNCSCRIPT "/etc/vpnc/vpnc-script"
| #define HAVE_STATFS 1
| #define HAVE_GETLINE 1
| #define HAVE_STRCASESTR 1
| #define HAVE_STRNDUP 1
| #define HAVE_ASPRINTF 1
| #define HAVE_VASPRINTF 1
| #define HAVE_INET_ATON 1
| #define HAVE_NL_LANGINFO 1
| #define HAVE_ICONV 1
| #define ICONV_CONST 
| #define HAVE_ICONV 1
| #define ENABLE_NLS 1
| #define HAVE_ENGINE 1
| #define HAVE_DTLS1_STOP_TIMER 1
| #define OPENCONNECT_OPENSSL 1
| #define HAVE_ESP 1
| #define HAVE_DTLS 1
| #define STDC_HEADERS 1
| #define HAVE_SYS_TYPES_H 1
| #define HAVE_SYS_STAT_H 1
| #define HAVE_STDLIB_H 1
| #define HAVE_STRING_H 1
| #define HAVE_MEMORY_H 1
| #define HAVE_STRINGS_H 1
| #define HAVE_INTTYPES_H 1
| #define HAVE_STDINT_H 1
| #define HAVE_UNISTD_H 1
| #define HAVE_DLFCN_H 1
| #define LT_OBJDIR ".libs/"
| #define LIBPROXY_HDR "proxy.h"
| #define GSSAPI_HDR <gssapi/gssapi.h>
| #define HAVE_GSSAPI 1
| #define IF_TUN_HDR "linux/if_tun.h"
| /* end confdefs.h.  */
| #include <net/if_utun.h>
configure:19916: result: no
configure:19944: checking for net/if_utun.h
configure:19951: result: no
configure:19974: checking alloca.h usability
configure:19991: gcc -c -g -O2  conftest.c >&5
configure:19998: $? = 0
configure:20012: result: yes
configure:20016: checking alloca.h presence
configure:20031: gcc -E  conftest.c
configure:20038: $? = 0
configure:20052: result: yes
configure:20080: checking for alloca.h
configure:20087: result: yes
configure:20111: checking endian.h usability
configure:20128: gcc -c -g -O2  conftest.c >&5
configure:20135: $? = 0
configure:20149: result: yes
configure:20153: checking endian.h presence
configure:20168: gcc -E  conftest.c
configure:20175: $? = 0
configure:20189: result: yes
configure:20217: checking for endian.h
configure:20224: result: yes
configure:20515: checking for python2
configure:20534: found /usr/bin/python2
configure:20546: result: /usr/bin/python2
configure:20558: checking that python is version 2.x
configure:20561: result: yes
configure:20578: checking if groff can create UTF-8 XHTML
configure:20612: result: no. Not building HTML pages
configure:20629: checking for CWRAP
configure:20636: $PKG_CONFIG --exists --print-errors "uid_wrapper, socket_wrapper"
Package uid_wrapper was not found in the pkg-config search path.
Perhaps you should add the directory containing `uid_wrapper.pc'
to the PKG_CONFIG_PATH environment variable
No package 'uid_wrapper' found
Package socket_wrapper was not found in the pkg-config search path.
Perhaps you should add the directory containing `socket_wrapper.pc'
to the PKG_CONFIG_PATH environment variable
No package 'socket_wrapper' found
configure:20639: $? = 1
configure:20652: $PKG_CONFIG --exists --print-errors "uid_wrapper, socket_wrapper"
Package uid_wrapper was not found in the pkg-config search path.
Perhaps you should add the directory containing `uid_wrapper.pc'
to the PKG_CONFIG_PATH environment variable
No package 'uid_wrapper' found
Package socket_wrapper was not found in the pkg-config search path.
Perhaps you should add the directory containing `socket_wrapper.pc'
to the PKG_CONFIG_PATH environment variable
No package 'socket_wrapper' found
configure:20655: $? = 1
No package 'uid_wrapper' found
No package 'socket_wrapper' found
configure:20682: result: no
configure:21020: creating ./config.status

## ---------------------- ##
## Running config.status. ##
## ---------------------- ##

This file was extended by openconnect config.status 7.08, which was
generated by GNU Autoconf 2.63.  Invocation command line was

  CONFIG_FILES    = 
  CONFIG_HEADERS  = 
  CONFIG_LINKS    = 
  CONFIG_COMMANDS = 
  $ ./config.status 

on prd-punto7-lim.bpn.beemovil.com

config.status:1146: creating Makefile
config.status:1146: creating openconnect.pc
config.status:1146: creating po/Makefile
config.status:1146: creating www/Makefile
config.status:1146: creating libopenconnect.map
config.status:1146: creating openconnect.8
config.status:1146: creating www/styles/Makefile
config.status:1146: creating www/inc/Makefile
config.status:1146: creating www/images/Makefile
config.status:1146: creating tests/Makefile
config.status:1146: creating tests/softhsm2.conf
config.status:1146: creating tests/configs/test-user-cert.config
config.status:1146: creating tests/configs/test-user-pass.config
config.status:1146: creating config.h
config.status:1420: executing depfiles commands
config.status:1420: executing libtool commands
configure:23385: WARNING:
***
*** Be sure to run "make check" to verify OpenSSL DTLS support
*** 

## ---------------- ##
## Cache variables. ##
## ---------------- ##

ac_cv_build=x86_64-unknown-linux-gnu
ac_cv_c_compiler_gnu=yes
ac_cv_env_CC_set=
ac_cv_env_CC_value=
ac_cv_env_CFLAGS_set=
ac_cv_env_CFLAGS_value=
ac_cv_env_CPPFLAGS_set=
ac_cv_env_CPPFLAGS_value=
ac_cv_env_CPP_set=
ac_cv_env_CPP_value=
ac_cv_env_CWRAP_CFLAGS_set=
ac_cv_env_CWRAP_CFLAGS_value=
ac_cv_env_CWRAP_LIBS_set=
ac_cv_env_CWRAP_LIBS_value=
ac_cv_env_GNUTLS_CFLAGS_set=
ac_cv_env_GNUTLS_CFLAGS_value=
ac_cv_env_GNUTLS_LIBS_set=
ac_cv_env_GNUTLS_LIBS_value=
ac_cv_env_LDFLAGS_set=
ac_cv_env_LDFLAGS_value=
ac_cv_env_LIBLZ4_CFLAGS_set=
ac_cv_env_LIBLZ4_CFLAGS_value=
ac_cv_env_LIBLZ4_LIBS_set=
ac_cv_env_LIBLZ4_LIBS_value=
ac_cv_env_LIBP11_CFLAGS_set=
ac_cv_env_LIBP11_CFLAGS_value=
ac_cv_env_LIBP11_LIBS_set=
ac_cv_env_LIBP11_LIBS_value=
ac_cv_env_LIBPCSCLITE_CFLAGS_set=
ac_cv_env_LIBPCSCLITE_CFLAGS_value=
ac_cv_env_LIBPCSCLITE_LIBS_set=
ac_cv_env_LIBPCSCLITE_LIBS_value=
ac_cv_env_LIBPROXY_CFLAGS_set=
ac_cv_env_LIBPROXY_CFLAGS_value=
ac_cv_env_LIBPROXY_LIBS_set=
ac_cv_env_LIBPROXY_LIBS_value=
ac_cv_env_LIBPSKC_CFLAGS_set=
ac_cv_env_LIBPSKC_CFLAGS_value=
ac_cv_env_LIBPSKC_LIBS_set=
ac_cv_env_LIBPSKC_LIBS_value=
ac_cv_env_LIBSTOKEN_CFLAGS_set=
ac_cv_env_LIBSTOKEN_CFLAGS_value=
ac_cv_env_LIBSTOKEN_LIBS_set=
ac_cv_env_LIBSTOKEN_LIBS_value=
ac_cv_env_LIBS_set=
ac_cv_env_LIBS_value=
ac_cv_env_LIBXML2_CFLAGS_set=
ac_cv_env_LIBXML2_CFLAGS_value=
ac_cv_env_LIBXML2_LIBS_set=
ac_cv_env_LIBXML2_LIBS_value=
ac_cv_env_OPENSSL_CFLAGS_set=
ac_cv_env_OPENSSL_CFLAGS_value=
ac_cv_env_OPENSSL_LIBS_set=
ac_cv_env_OPENSSL_LIBS_value=
ac_cv_env_P11KIT_CFLAGS_set=
ac_cv_env_P11KIT_CFLAGS_value=
ac_cv_env_P11KIT_LIBS_set=
ac_cv_env_P11KIT_LIBS_value=
ac_cv_env_PKG_CONFIG_set=
ac_cv_env_PKG_CONFIG_value=
ac_cv_env_ZLIB_CFLAGS_set=
ac_cv_env_ZLIB_CFLAGS_value=
ac_cv_env_ZLIB_LIBS_set=
ac_cv_env_ZLIB_LIBS_value=
ac_cv_env_build_alias_set=
ac_cv_env_build_alias_value=
ac_cv_env_host_alias_set=
ac_cv_env_host_alias_value=
ac_cv_env_target_alias_set=
ac_cv_env_target_alias_value=
ac_cv_func_HMAC_CTX_copy=yes
ac_cv_func___android_log_vprint=no
ac_cv_func_asprintf=yes
ac_cv_func_fdevname_r=no
ac_cv_func_getline=yes
ac_cv_func_inet_aton=yes
ac_cv_func_nl_langinfo=yes
ac_cv_func_socket=yes
ac_cv_func_statfs=yes
ac_cv_func_strcasestr=yes
ac_cv_func_strndup=yes
ac_cv_func_vasprintf=yes
ac_cv_header_alloca_h=yes
ac_cv_header_dlfcn_h=yes
ac_cv_header_endian_h=yes
ac_cv_header_gssapi_gssapi_h=yes
ac_cv_header_if_tun_h=no
ac_cv_header_inttypes_h=yes
ac_cv_header_linux_if_tun_h=yes
ac_cv_header_memory_h=yes
ac_cv_header_net_if_utun_h=no
ac_cv_header_stdc=yes
ac_cv_header_stdint_h=yes
ac_cv_header_stdlib_h=yes
ac_cv_header_string_h=yes
ac_cv_header_strings_h=yes
ac_cv_header_sys_stat_h=yes
ac_cv_header_sys_types_h=yes
ac_cv_header_unistd_h=yes
ac_cv_host=x86_64-unknown-linux-gnu
ac_cv_lib_log___android_log_vprint=no
ac_cv_objext=o
ac_cv_path_EGREP='/bin/grep -E'
ac_cv_path_FGREP='/bin/grep -F'
ac_cv_path_GREP=/bin/grep
ac_cv_path_KRB5_CONFIG=/usr/bin/krb5-config
ac_cv_path_MSGFMT=/usr/bin/msgfmt
ac_cv_path_PYTHON=/usr/bin/python2
ac_cv_path_SED=/bin/sed
ac_cv_path_ac_pt_PKG_CONFIG=/usr/bin/pkg-config
ac_cv_path_install='/usr/bin/install -c'
ac_cv_path_mkdir=/bin/mkdir
ac_cv_prog_AWK=gawk
ac_cv_prog_CPP='gcc -E'
ac_cv_prog_ac_ct_AR=ar
ac_cv_prog_ac_ct_CC=gcc
ac_cv_prog_ac_ct_OBJDUMP=objdump
ac_cv_prog_ac_ct_RANLIB=ranlib
ac_cv_prog_ac_ct_STRIP=strip
ac_cv_prog_cc_c89=
ac_cv_prog_cc_g=yes
ac_cv_prog_make_make_set=yes
acl_cv_hardcode_direct=no
acl_cv_hardcode_libdir_flag_spec='${wl}-rpath ${wl}$libdir'
acl_cv_hardcode_libdir_separator=
acl_cv_hardcode_minus_L=no
acl_cv_libext=a
acl_cv_libname_spec='lib$name'
acl_cv_library_names_spec='$libname$shrext'
acl_cv_path_LD=/usr/bin/ld
acl_cv_prog_gnu_ld=yes
acl_cv_rpath=done
acl_cv_shlibext=so
acl_cv_wl=-Wl,
am_cv_CC_dependencies_compiler_type=gcc3
am_cv_func_iconv=yes
am_cv_func_iconv_works=yes
am_cv_lib_iconv=no
am_cv_prog_tar_ustar=gnutar
am_cv_proto_iconv='extern size_t iconv (iconv_t cd, char * *inbuf, size_t *inbytesleft, char * *outbuf, size_t *outbytesleft);'
am_cv_proto_iconv_arg1=
ax_cv_check_vscript_complex_wildcards=yes
ax_cv_check_vscript_flag=--version-script
lt_cv_deplibs_check_method=pass_all
lt_cv_file_magic_cmd='$MAGIC_CMD'
lt_cv_file_magic_test_file=
lt_cv_ld_reload_flag=-r
lt_cv_nm_interface='BSD nm'
lt_cv_objdir=.libs
lt_cv_path_LD=/usr/bin/ld
lt_cv_path_NM='/usr/bin/nm -B'
lt_cv_prog_compiler_c_o=yes
lt_cv_prog_compiler_pic_works=yes
lt_cv_prog_compiler_rtti_exceptions=no
lt_cv_prog_compiler_static_works=no
lt_cv_prog_gnu_ld=yes
lt_cv_sys_global_symbol_pipe='sed -n -e '\''s/^.*[	 ]\([ABCDGIRSTW][ABCDGIRSTW]*\)[	 ][	 ]*\([_A-Za-z][_A-Za-z0-9]*\)$/\1 \2 \2/p'\'''
lt_cv_sys_global_symbol_to_c_name_address='sed -n -e '\''s/^: \([^ ]*\) $/  {\"\1\", (void *) 0},/p'\'' -e '\''s/^[ABCDGIRSTW]* \([^ ]*\) \([^ ]*\)$/  {"\2", (void *) \&\2},/p'\'''
lt_cv_sys_global_symbol_to_c_name_address_lib_prefix='sed -n -e '\''s/^: \([^ ]*\) $/  {\"\1\", (void *) 0},/p'\'' -e '\''s/^[ABCDGIRSTW]* \([^ ]*\) \(lib[^ ]*\)$/  {"\2", (void *) \&\2},/p'\'' -e '\''s/^[ABCDGIRSTW]* \([^ ]*\) \([^ ]*\)$/  {"lib\2", (void *) \&\2},/p'\'''
lt_cv_sys_global_symbol_to_cdecl='sed -n -e '\''s/^T .* \(.*\)$/extern int \1();/p'\'' -e '\''s/^[ABCDGIRSTW]* .* \(.*\)$/extern char \1;/p'\'''
lt_cv_sys_max_cmd_len=1966080
pkg_cv_LIBPROXY_CFLAGS='-I/usr/include/libproxy  '
pkg_cv_LIBPROXY_LIBS='-lproxy  '
pkg_cv_LIBXML2_CFLAGS='-I/usr/include/libxml2  '
pkg_cv_LIBXML2_LIBS='-lxml2  '
pkg_cv_OPENSSL_CFLAGS=' '
pkg_cv_OPENSSL_LIBS='-lssl -lcrypto  '
pkg_cv_ZLIB_CFLAGS=' '
pkg_cv_ZLIB_LIBS='-lz  '

## ----------------- ##
## Output variables. ##
## ----------------- ##

	   $(top_srcdir)/openconnect.8.in \
	   $(top_srcdir)/openconnect.h \
	   $(top_srcdir)/tests/configs/test-user-cert.config.in \
	   $(top_srcdir)/tests/configs/test-user-pass.config.in'
	   $(top_srcdir)/tests/softhsm2.conf.in \
           $(top_srcdir)/libopenconnect.map.in \
ACLOCAL='${SHELL} /root/openconnect/missing --run aclocal-1.11'
AMDEPBACKSLASH='\'
AMDEP_FALSE='#'
AMDEP_TRUE=''
AMTAR='${SHELL} /root/openconnect/missing --run tar'
AM_BACKSLASH='\'
AM_DEFAULT_VERBOSITY='0'
APIMAJOR='5'
APIMINOR='5'
AR='ar'
AUTOCONF='${SHELL} /root/openconnect/missing --run autoconf'
AUTOHEADER='${SHELL} /root/openconnect/missing --run autoheader'
AUTOMAKE='${SHELL} /root/openconnect/missing --run automake-1.11'
AWK='gawk'
BUILD_WWW_FALSE=''
BUILD_WWW_TRUE='#'
CC='gcc'
CCDEPMODE='depmode=gcc3'
CFLAGS='-g -O2'
CHECK_DTLS_FALSE='#'
CHECK_DTLS_TRUE=''
CONFIG_STATUS_DEPENDENCIES='$(top_srcdir)/po/LINGUAS \
CPP='gcc -E'
CPPFLAGS=''
CWRAP_CFLAGS=''
CWRAP_LIBS=''
CYGPATH_W='echo'
DEFAULT_VPNCSCRIPT='/etc/vpnc/vpnc-script'
DEFS='-DHAVE_CONFIG_H'
DEPDIR='.deps'
DSYMUTIL=''
DTLS_XFAIL_FALSE=''
DTLS_XFAIL_TRUE='#'
DUMPBIN=''
ECHO_C=''
ECHO_N='-n'
ECHO_T=''
EGREP='/bin/grep -E'
EXEEXT=''
FGREP='/bin/grep -F'
GITVERSIONDEPS=' ./.git/index ./.git/packed-refs ./.git/refs/tags ./.git/HEAD'
GNUTLS_CFLAGS=''
GNUTLS_LIBS=''
GREP='/bin/grep'
GROFF=''
GSSAPI_CFLAGS=''
GSSAPI_LIBS='-lgssapi_krb5 -lkrb5 -lk5crypto -lcom_err'
HAVE_CWRAP_FALSE=''
HAVE_CWRAP_TRUE='#'
HAVE_VSCRIPT_COMPLEX_FALSE='#'
HAVE_VSCRIPT_COMPLEX_TRUE=''
HAVE_VSCRIPT_FALSE='#'
HAVE_VSCRIPT_TRUE=''
ICONV_CFLAGS=''
ICONV_LIBS=''
INSTALL_DATA='${INSTALL} -m 644'
INSTALL_PROGRAM='${INSTALL}'
INSTALL_SCRIPT='${INSTALL}'
INSTALL_STRIP_PROGRAM='$(install_sh) -c -s'
INTL_CFLAGS=''
INTL_LIBS=''
JNI_CFLAGS=''
JNI_STANDALONE_FALSE=''
JNI_STANDALONE_TRUE='#'
KRB5_CONFIG='/usr/bin/krb5-config'
LD='/usr/bin/ld -m elf_x86_64'
LDFLAGS=''
LIBICONV=''
LIBLZ4_CFLAGS=''
LIBLZ4_LIBS=''
LIBLZ4_PC=''
LIBOBJS=''
LIBP11_CFLAGS=''
LIBP11_LIBS=''
LIBPCSCLITE_CFLAGS=''
LIBPCSCLITE_LIBS=''
LIBPCSCLITE_PC=''
LIBPROXY_CFLAGS='-I/usr/include/libproxy  '
LIBPROXY_LIBS='-lproxy  '
LIBPROXY_PC='libproxy-1.0'
LIBPSKC_CFLAGS=''
LIBPSKC_LIBS=''
LIBPSKC_PC=''
LIBS=''
LIBSTOKEN_CFLAGS=''
LIBSTOKEN_LIBS=''
LIBSTOKEN_PC=''
LIBTOOL='$(SHELL) $(top_builddir)/libtool'
LIBXML2_CFLAGS='-I/usr/include/libxml2  '
LIBXML2_LIBS='-lxml2  '
LINGUAS='ar bs ca cs de el en_GB en_US es eu fi fr gl hu id it lt nl pa pl pt_BR pt sk sl sr@latin sr sv tg tr ug uk zh_CN zh_TW'
LIPO=''
LN_S='ln -s'
LTLIBICONV=''
LTLIBOBJS=''
MAINT=''
MAINTAINER_MODE_FALSE='#'
MAINTAINER_MODE_TRUE=''
MAKEINFO='${SHELL} /root/openconnect/missing --run makeinfo'
MKDIR_P='/bin/mkdir -p'
MSGFMT='/usr/bin/msgfmt'
NM='/usr/bin/nm -B'
NMEDIT=''
OBJDUMP='objdump'
OBJEXT='o'
OCSERV_GROUP='root'
OCSERV_USER='root'
OPENBSD_LIBTOOL_FALSE=''
OPENBSD_LIBTOOL_TRUE='#'
OPENCONNECT_DTLS_FALSE='#'
OPENCONNECT_DTLS_TRUE=''
OPENCONNECT_ESP_FALSE='#'
OPENCONNECT_ESP_TRUE=''
OPENCONNECT_GNUTLS_FALSE=''
OPENCONNECT_GNUTLS_TRUE='#'
OPENCONNECT_GSSAPI_FALSE='#'
OPENCONNECT_GSSAPI_TRUE=''
OPENCONNECT_ICONV_FALSE='#'
OPENCONNECT_ICONV_TRUE=''
OPENCONNECT_JNI_FALSE=''
OPENCONNECT_JNI_TRUE='#'
OPENCONNECT_LIBPCSCLITE_FALSE=''
OPENCONNECT_LIBPCSCLITE_TRUE='#'
OPENCONNECT_OPENSSL_FALSE='#'
OPENCONNECT_OPENSSL_TRUE=''
OPENCONNECT_STOKEN_FALSE=''
OPENCONNECT_STOKEN_TRUE='#'
OPENCONNECT_WIN32_FALSE=''
OPENCONNECT_WIN32_TRUE='#'
OPENSSL_CFLAGS=' '
OPENSSL_LIBS='-lssl -lcrypto  '
OTOOL64=''
OTOOL=''
P11KIT_CFLAGS=''
P11KIT_LIBS=''
P11KIT_PC=''
PACKAGE='openconnect'
PACKAGE_BUGREPORT=''
PACKAGE_NAME='openconnect'
PACKAGE_STRING='openconnect 7.08'
PACKAGE_TARNAME='openconnect'
PACKAGE_VERSION='7.08'
PATH_SEPARATOR=':'
PKG_CONFIG='/usr/bin/pkg-config'
PYTHON='/usr/bin/python2'
RANLIB='ranlib'
SED='/bin/sed'
SET_MAKE=''
SHELL='/bin/sh'
SSL_CFLAGS='$(OPENSSL_CFLAGS)'
SSL_LIBS='$(OPENSSL_LIBS)'
SSL_PC='openssl'
STRIP='strip'
SYMVER_ASPRINTF=''
SYMVER_GETLINE=''
SYMVER_JAVA=''
SYMVER_TIME=''
SYMVER_VASPRINTF=''
SYMVER_WIN32_STRERROR=''
TEST_DSA_FALSE='#'
TEST_DSA_TRUE=''
TEST_PKCS11_FALSE=''
TEST_PKCS11_TRUE='#'
TSS_CFLAGS=''
TSS_LIBS=''
USE_NLS_FALSE='#'
USE_NLS_TRUE=''
VERSION='7.08'
VSCRIPT_LDFLAGS='-Wl,--version-script'
WFLAGS='  -Wall -Wextra -Wno-missing-field-initializers -Wno-sign-compare -Wno-unused-parameter -Werror=pointer-to-int-cast -Wdeclaration-after-statement -Werror-implicit-function-declaration -Wformat-nonliteral -Wformat-security -Winit-self -Wmissing-declarations -Wmissing-include-dirs -Wnested-externs -Wpointer-arith -Wwrite-strings'
ZLIB_CFLAGS=' '
ZLIB_LIBS='-lz  '
ZLIB_PC='zlib'
_ACJNI_JAVAC=''
ac_ct_CC='gcc'
ac_ct_DUMPBIN=''
am__EXEEXT_FALSE=''
am__EXEEXT_TRUE='#'
am__fastdepCC_FALSE='#'
am__fastdepCC_TRUE=''
am__include='include'
am__isrc=''
am__leading_dot='.'
am__quote=''
am__tar='tar --format=ustar -chf - "$$tardir"'
am__untar='tar -xf -'
bindir='${exec_prefix}/bin'
build='x86_64-unknown-linux-gnu'
build_alias=''
build_cpu='x86_64'
build_os='linux-gnu'
build_vendor='unknown'
datadir='${datarootdir}'
datarootdir='${prefix}/share'
docdir='${datarootdir}/doc/${PACKAGE_TARNAME}'
dvidir='${docdir}'
exec_prefix='${prefix}'
host='x86_64-unknown-linux-gnu'
host_alias=''
host_cpu='x86_64'
host_os='linux-gnu'
host_vendor='unknown'
htmldir='${docdir}'
includedir='${prefix}/include'
infodir='${datarootdir}/info'
install_sh='${SHELL} /root/openconnect/install-sh'
libdir='${exec_prefix}/lib'
libexecdir='${exec_prefix}/libexec'
localedir='${datarootdir}/locale'
localstatedir='${prefix}/var'
lt_ECHO='echo'
mandir='${datarootdir}/man'
mkdir_p='/bin/mkdir -p'
oldincludedir='/usr/include'
openssl_pc_libs=''
pdfdir='${docdir}'
pkgconfigdir='$(libdir)/pkgconfig'
prefix='/usr/local'
program_transform_name='s,x,x,'
psdir='${docdir}'
sbindir='${exec_prefix}/sbin'
sharedstatedir='${prefix}/com'
sysconfdir='${prefix}/etc'
system_pcsc_libs=''
target_alias=''
test_pkcs11=''

## ----------- ##
## confdefs.h. ##
## ----------- ##

#define PACKAGE_NAME "openconnect"
#define PACKAGE_TARNAME "openconnect"
#define PACKAGE_VERSION "7.08"
#define PACKAGE_STRING "openconnect 7.08"
#define PACKAGE_BUGREPORT ""
#define PACKAGE "openconnect"
#define VERSION "7.08"
#define _GNU_SOURCE 1
#define DEFAULT_VPNCSCRIPT "/etc/vpnc/vpnc-script"
#define HAVE_STATFS 1
#define HAVE_GETLINE 1
#define HAVE_STRCASESTR 1
#define HAVE_STRNDUP 1
#define HAVE_ASPRINTF 1
#define HAVE_VASPRINTF 1
#define HAVE_INET_ATON 1
#define HAVE_NL_LANGINFO 1
#define HAVE_ICONV 1
#define ICONV_CONST 
#define HAVE_ICONV 1
#define ENABLE_NLS 1
#define HAVE_ENGINE 1
#define HAVE_DTLS1_STOP_TIMER 1
#define OPENCONNECT_OPENSSL 1
#define HAVE_ESP 1
#define HAVE_DTLS 1
#define STDC_HEADERS 1
#define HAVE_SYS_TYPES_H 1
#define HAVE_SYS_STAT_H 1
#define HAVE_STDLIB_H 1
#define HAVE_STRING_H 1
#define HAVE_MEMORY_H 1
#define HAVE_STRINGS_H 1
#define HAVE_INTTYPES_H 1
#define HAVE_STDINT_H 1
#define HAVE_UNISTD_H 1
#define HAVE_DLFCN_H 1
#define LT_OBJDIR ".libs/"
#define LIBPROXY_HDR "proxy.h"
#define GSSAPI_HDR <gssapi/gssapi.h>
#define HAVE_GSSAPI 1
#define IF_TUN_HDR "linux/if_tun.h"
#define HAVE_ALLOCA_H 1
#define ENDIAN_HDR <endian.h>

configure: exit 0
